<?xml version="1.0" encoding="UTF-8"?>
<testsuite xmlns:xsi="http://www.w3.org/2001/XMLSchema-instance" xsi:noNamespaceSchemaLocation="https://maven.apache.org/surefire/maven-surefire-plugin/xsd/surefire-test-report-3.0.xsd" version="3.0" name="io.github.wparanhosm.quarkussocial.rest.PostResourceTest" time="1.016" tests="7" errors="0" skipped="0" failures="0">
  <properties>
[...]
</properties>
  <testcase name="createPostTest" classname="io.github.wparanhosm.quarkussocial.rest.PostResourceTest" time="0.137">
    <system-out><![CDATA[Hibernate: 
    insert 
    into
        users
        (id, age, name) 
    values
        (default, ?, ?)
Hibernate: 
    insert 
    into
        users
        (id, age, name) 
    values
        (default, ?, ?)
Hibernate: 
    insert 
    into
        users
        (id, age, name) 
    values
        (default, ?, ?)
Hibernate: 
    insert 
    into
        followers
        (id, follower_id, user_id) 
    values
        (default, ?, ?)
2023-01-10 15:07:10,026 INFO  [io.git.wpa.qua.res.int.UserIOInterceptor] (executor-thread-0) Request POST /users/31/posts from IP 127.0.0.1:57023
Hibernate: 
    select
        user0_.id as id1_2_0_,
        user0_.age as age2_2_0_,
        user0_.name as name3_2_0_ 
    from
        users user0_ 
    where
        user0_.id=?
Hibernate: 
    select
        user0_.id as id1_2_0_,
        user0_.age as age2_2_0_,
        user0_.name as name3_2_0_ 
    from
        users user0_ 
    where
        user0_.id=?
Hibernate: 
    insert 
    into
        posts
        (id, dt_post, post_text, id_user) 
    values
        (default, ?, ?, ?)
2023-01-10 15:07:10,051 INFO  [io.git.wpa.qua.res.int.UserIOInterceptor] (executor-thread-0) Response from  POST /users/31/posts from IP 127.0.0.1:57023 - Status Code: 201
]]></system-out>
  </testcase>
  <testcase name="createPostNotFound" classname="io.github.wparanhosm.quarkussocial.rest.PostResourceTest" time="0.069">
    <system-out><![CDATA[Hibernate: 
    insert 
    into
        users
        (id, age, name) 
    values
        (default, ?, ?)
Hibernate: 
    insert 
    into
        users
        (id, age, name) 
    values
        (default, ?, ?)
Hibernate: 
    insert 
    into
        users
        (id, age, name) 
    values
        (default, ?, ?)
Hibernate: 
    insert 
    into
        followers
        (id, follower_id, user_id) 
    values
        (default, ?, ?)
2023-01-10 15:07:10,124 INFO  [io.git.wpa.qua.res.int.UserIOInterceptor] (executor-thread-0) Request POST /users/99999/posts from IP 127.0.0.1:57024
Hibernate: 
    select
        user0_.id as id1_2_0_,
        user0_.age as age2_2_0_,
        user0_.name as name3_2_0_ 
    from
        users user0_ 
    where
        user0_.id=?
2023-01-10 15:07:10,128 INFO  [io.git.wpa.qua.res.int.UserIOInterceptor] (executor-thread-0) Response from  POST /users/99999/posts from IP 127.0.0.1:57024 - Status Code: 404
]]></system-out>
  </testcase>
  <testcase name="listAllPostsNotFound" classname="io.github.wparanhosm.quarkussocial.rest.PostResourceTest" time="0.079">
    <system-out><![CDATA[Hibernate: 
    insert 
    into
        users
        (id, age, name) 
    values
        (default, ?, ?)
Hibernate: 
    insert 
    into
        users
        (id, age, name) 
    values
        (default, ?, ?)
Hibernate: 
    insert 
    into
        users
        (id, age, name) 
    values
        (default, ?, ?)
Hibernate: 
    insert 
    into
        followers
        (id, follower_id, user_id) 
    values
        (default, ?, ?)
2023-01-10 15:07:10,207 INFO  [io.git.wpa.qua.res.int.UserIOInterceptor] (executor-thread-0) Request GET /users/99999/posts from IP 127.0.0.1:57025
Hibernate: 
    select
        user0_.id as id1_2_0_,
        user0_.age as age2_2_0_,
        user0_.name as name3_2_0_ 
    from
        users user0_ 
    where
        user0_.id=?
2023-01-10 15:07:10,210 INFO  [io.git.wpa.qua.res.int.UserIOInterceptor] (executor-thread-0) Response from  GET /users/99999/posts from IP 127.0.0.1:57025 - Status Code: 404
]]></system-out>
  </testcase>
  <testcase name="listAllPostsFollowerHeaderNotSendTest" classname="io.github.wparanhosm.quarkussocial.rest.PostResourceTest" time="0.183">
    <system-out><![CDATA[Hibernate: 
    insert 
    into
        users
        (id, age, name) 
    values
        (default, ?, ?)
Hibernate: 
    insert 
    into
        users
        (id, age, name) 
    values
        (default, ?, ?)
Hibernate: 
    insert 
    into
        users
        (id, age, name) 
    values
        (default, ?, ?)
Hibernate: 
    insert 
    into
        followers
        (id, follower_id, user_id) 
    values
        (default, ?, ?)
2023-01-10 15:07:10,280 INFO  [io.git.wpa.qua.res.int.UserIOInterceptor] (executor-thread-0) Request GET /users/40/posts from IP 127.0.0.1:57026
Hibernate: 
    select
        user0_.id as id1_2_0_,
        user0_.age as age2_2_0_,
        user0_.name as name3_2_0_ 
    from
        users user0_ 
    where
        user0_.id=?
2023-01-10 15:07:10,287 INFO  [io.git.wpa.qua.res.int.UserIOInterceptor] (executor-thread-0) Response from  GET /users/40/posts from IP 127.0.0.1:57026 - Status Code: 400
]]></system-out>
  </testcase>
  <testcase name="listAllPostsFollowerDoesNotExist" classname="io.github.wparanhosm.quarkussocial.rest.PostResourceTest" time="0.203">
    <system-out><![CDATA[Hibernate: 
    insert 
    into
        users
        (id, age, name) 
    values
        (default, ?, ?)
Hibernate: 
    insert 
    into
        users
        (id, age, name) 
    values
        (default, ?, ?)
Hibernate: 
    insert 
    into
        users
        (id, age, name) 
    values
        (default, ?, ?)
Hibernate: 
    insert 
    into
        followers
        (id, follower_id, user_id) 
    values
        (default, ?, ?)
2023-01-10 15:07:10,591 INFO  [io.git.wpa.qua.res.int.UserIOInterceptor] (executor-thread-0) Request GET /users/43/posts from IP 127.0.0.1:57027
Hibernate: 
    select
        user0_.id as id1_2_0_,
        user0_.age as age2_2_0_,
        user0_.name as name3_2_0_ 
    from
        users user0_ 
    where
        user0_.id=?
Hibernate: 
    select
        user0_.id as id1_2_0_,
        user0_.age as age2_2_0_,
        user0_.name as name3_2_0_ 
    from
        users user0_ 
    where
        user0_.id=?
2023-01-10 15:07:10,600 INFO  [io.git.wpa.qua.res.int.UserIOInterceptor] (executor-thread-0) Response from  GET /users/43/posts from IP 127.0.0.1:57027 - Status Code: 404
]]></system-out>
  </testcase>
  <testcase name="listAllPostsNotAFollower" classname="io.github.wparanhosm.quarkussocial.rest.PostResourceTest" time="0.187">
    <system-out><![CDATA[Hibernate: 
    insert 
    into
        users
        (id, age, name) 
    values
        (default, ?, ?)
Hibernate: 
    insert 
    into
        users
        (id, age, name) 
    values
        (default, ?, ?)
Hibernate: 
    insert 
    into
        users
        (id, age, name) 
    values
        (default, ?, ?)
Hibernate: 
    insert 
    into
        followers
        (id, follower_id, user_id) 
    values
        (default, ?, ?)
2023-01-10 15:07:10,704 INFO  [io.git.wpa.qua.res.int.UserIOInterceptor] (executor-thread-0) Request GET /users/46/posts from IP 127.0.0.1:57028
Hibernate: 
    select
        user0_.id as id1_2_0_,
        user0_.age as age2_2_0_,
        user0_.name as name3_2_0_ 
    from
        users user0_ 
    where
        user0_.id=?
Hibernate: 
    select
        user0_.id as id1_2_0_,
        user0_.age as age2_2_0_,
        user0_.name as name3_2_0_ 
    from
        users user0_ 
    where
        user0_.id=?
Hibernate: 
    select
        follower0_.id as id1_0_,
        follower0_.follower_id as follower2_0_,
        follower0_.user_id as user_id3_0_ 
    from
        followers follower0_ 
    where
        follower0_.follower_id=? 
        and follower0_.user_id=? limit ?
2023-01-10 15:07:10,726 INFO  [io.git.wpa.qua.res.int.UserIOInterceptor] (executor-thread-0) Response from  GET /users/46/posts from IP 127.0.0.1:57028 - Status Code: 403
]]></system-out>
  </testcase>
  <testcase name="listAllPosts" classname="io.github.wparanhosm.quarkussocial.rest.PostResourceTest" time="0.101">
    <system-out><![CDATA[Hibernate: 
    insert 
    into
        users
        (id, age, name) 
    values
        (default, ?, ?)
Hibernate: 
    insert 
    into
        users
        (id, age, name) 
    values
        (default, ?, ?)
Hibernate: 
    insert 
    into
        users
        (id, age, name) 
    values
        (default, ?, ?)
Hibernate: 
    insert 
    into
        followers
        (id, follower_id, user_id) 
    values
        (default, ?, ?)
2023-01-10 15:07:10,882 INFO  [io.git.wpa.qua.res.int.UserIOInterceptor] (executor-thread-0) Request GET /users/49/posts from IP 127.0.0.1:57029
Hibernate: 
    select
        user0_.id as id1_2_0_,
        user0_.age as age2_2_0_,
        user0_.name as name3_2_0_ 
    from
        users user0_ 
    where
        user0_.id=?
Hibernate: 
    select
        user0_.id as id1_2_0_,
        user0_.age as age2_2_0_,
        user0_.name as name3_2_0_ 
    from
        users user0_ 
    where
        user0_.id=?
Hibernate: 
    select
        follower0_.id as id1_0_,
        follower0_.follower_id as follower2_0_,
        follower0_.user_id as user_id3_0_ 
    from
        followers follower0_ 
    where
        follower0_.follower_id=? 
        and follower0_.user_id=? limit ?
Hibernate: 
    select
        post0_.id as id1_1_,
        post0_.dt_post as dt_post2_1_,
        post0_.post_text as post_tex3_1_,
        post0_.id_user as id_user4_1_ 
    from
        posts post0_ 
    where
        post0_.id_user=? 
    order by
        dt_post DESC
2023-01-10 15:07:10,919 INFO  [io.git.wpa.qua.res.int.UserIOInterceptor] (executor-thread-0) Response from  GET /users/49/posts from IP 127.0.0.1:57029 - Status Code: 200
]]></system-out>
  </testcase>
</testsuite>