<?xml version="1.0" encoding="UTF-8"?>
<testsuite xmlns:xsi="http://www.w3.org/2001/XMLSchema-instance" xsi:noNamespaceSchemaLocation="https://maven.apache.org/surefire/maven-surefire-plugin/xsd/surefire-test-report-3.0.xsd" version="3.0" name="io.github.wparanhosm.GreetingResourceTest" time="22.933" tests="1" errors="0" skipped="0" failures="0">
  <properties>
[...]
</properties>
  <testcase name="testHelloEndpoint" classname="io.github.wparanhosm.GreetingResourceTest" time="4.139">
    <system-out><![CDATA[2023-01-05 08:55:55,717 INFO  [io.quarkus] (main) quarkus-social 1.0 on JVM (powered by Quarkus 2.15.2.Final) started in 7.315s. Listening on: http://localhost:8081
2023-01-05 08:55:55,717 INFO  [io.quarkus] (main) Profile test activated. 
2023-01-05 08:55:55,717 INFO  [io.quarkus] (main) Installed features: [cdi, resteasy, smallrye-context-propagation, vertx]
]]></system-out>
  </testcase>
</testsuite>